<?xml version="1.0" encoding="UTF-8"?>
<!-- Generated by org.testng.reporters.JUnitXMLReporter -->
<testsuite ignored="0" hostname="DESKTOP-GPQ1HG5" failures="0" tests="3" name="Default test" time="6.702" errors="0" timestamp="2023-11-17T18:30:43 CST">
  <testcase classname="scripts.Simpletest" name="getTitle" time="0.034"/>
  <testcase classname="scripts.Simpletest" name="checkMenuitem1" time="0.05"/>
  <testcase classname="scripts.Simpletest" name="checkbodyMsg" time="0.034"/>
</testsuite> <!-- Default test -->
