<?xml version="1.0" encoding="UTF-8"?>
<!-- Generated by org.testng.reporters.JUnitXMLReporter -->
<testsuite ignored="0" hostname="DESKTOP-GPQ1HG5" failures="0" tests="3" name="Test" time="6.432" errors="0" timestamp="2023-11-18T09:44:39 CST">
  <testcase classname="scripts.Simpletest" name="getTitle" time="0.033"/>
  <testcase classname="scripts.Simpletest" name="checkMenuitem1" time="0.074"/>
  <testcase classname="scripts.Simpletest" name="checkbodyMsg" time="0.045"/>
</testsuite> <!-- Test -->
