<?xml version="1.0" encoding="UTF-8"?>
<testng-results ignored="0" total="2" passed="2" failed="0" skipped="0">
  <reporter-output>
  </reporter-output>
  <suite started-at="2023-11-17T17:49:33 CST" name="Suite" finished-at="2023-11-17T17:49:39 CST" duration-ms="5923">
    <groups>
    </groups>
    <test started-at="2023-11-17T17:49:33 CST" name="Default test" finished-at="2023-11-17T17:49:39 CST" duration-ms="5923">
      <class name="scripts.Simpletest">
        <test-method is-config="true" signature="doThisBefore()[pri:0, instance:scripts.Simpletest@183ec003]" started-at="2023-11-17T17:49:33 CST" name="doThisBefore" finished-at="2023-11-17T17:49:37 CST" duration-ms="4712" status="PASS">
          <reporter-output>
          </reporter-output>
        </test-method> <!-- doThisBefore -->
        <test-method signature="getTitle()[pri:1, instance:scripts.Simpletest@183ec003]" started-at="2023-11-17T17:49:37 CST" name="getTitle" finished-at="2023-11-17T17:49:37 CST" duration-ms="28" status="PASS">
          <reporter-output>
          </reporter-output>
        </test-method> <!-- getTitle -->
        <test-method signature="checkMenuitem1()[pri:2, instance:scripts.Simpletest@183ec003]" started-at="2023-11-17T17:49:37 CST" name="checkMenuitem1" finished-at="2023-11-17T17:49:38 CST" duration-ms="53" status="PASS">
          <reporter-output>
          </reporter-output>
        </test-method> <!-- checkMenuitem1 -->
        <test-method is-config="true" signature="cleanMethod()[pri:0, instance:scripts.Simpletest@183ec003]" started-at="2023-11-17T17:49:38 CST" name="cleanMethod" finished-at="2023-11-17T17:49:39 CST" duration-ms="1002" status="PASS">
          <reporter-output>
          </reporter-output>
        </test-method> <!-- cleanMethod -->
      </class> <!-- scripts.Simpletest -->
    </test> <!-- Default test -->
  </suite> <!-- Suite -->
</testng-results>
